<?xml version="1.0" encoding="UTF-8"?>
<!-- Generated by org.testng.reporters.JUnitReportReporter -->
<testsuite hostname="Ronaks-MacBook-Pro.local" failures="0" tests="4" name="api.test.UserTests" time="8.754" errors="0" timestamp="2023-10-12T17:09:15 IST" skipped="0">
  <testcase classname="api.test.UserTests" name="testPostUser" time="3.592"/>
  <testcase classname="api.test.UserTests" name="testGetUserByName" time="1.496"/>
  <testcase classname="api.test.UserTests" name="testUpdateUserByName" time="2.551"/>
  <testcase classname="api.test.UserTests" name="testDeleteUserByName" time="1.115"/>
</testsuite> <!-- api.test.UserTests -->
