<?xml version="1.0" encoding="UTF-8"?>
<!-- Generated by org.testng.reporters.JUnitReportReporter -->
<testsuite hostname="Ronaks-MacBook-Pro.local" failures="0" tests="4" name="api.test.UserTests2" time="8.233" errors="0" timestamp="2023-10-12T22:18:54 IST" skipped="0">
  <testcase classname="api.test.UserTests2" name="testPostUser" time="3.094"/>
  <testcase classname="api.test.UserTests2" name="testGetUserByName" time="1.236"/>
  <testcase classname="api.test.UserTests2" name="testUpdateUserByName" time="2.520"/>
  <testcase classname="api.test.UserTests2" name="testDeleteUserByName" time="1.383"/>
</testsuite> <!-- api.test.UserTests2 -->
